[debug] [2025-03-09T20:45:45.830Z] ----------------------------------------------------------------------
[debug] [2025-03-09T20:45:45.832Z] Command:       /Users/kim/.nvm/versions/node/v22.14.0/bin/node /Users/kim/.nvm/versions/node/v22.14.0/bin/firebase projects:create exit --json
[debug] [2025-03-09T20:45:45.832Z] CLI Version:   13.31.2
[debug] [2025-03-09T20:45:45.832Z] Platform:      darwin
[debug] [2025-03-09T20:45:45.832Z] Node Version:  v22.14.0
[debug] [2025-03-09T20:45:45.832Z] Time:          Sun Mar 09 2025 16:45:45 GMT-0400 (Eastern Daylight Time)
[debug] [2025-03-09T20:45:45.832Z] ----------------------------------------------------------------------
[debug] 
[debug] [2025-03-09T20:45:45.834Z] > command requires scopes: ["email","openid","https://www.googleapis.com/auth/cloudplatformprojects.readonly","https://www.googleapis.com/auth/firebase","https://www.googleapis.com/auth/cloud-platform"]
[debug] [2025-03-09T20:45:45.834Z] > authorizing via signed-in user (ploride.dev@gmail.com)
[debug] [2025-03-09T20:45:45.835Z] Checked if tokens are valid: true, expires at: 1741556606113
[debug] [2025-03-09T20:45:45.835Z] Checked if tokens are valid: true, expires at: 1741556606113
[debug] [2025-03-09T20:45:45.835Z] >>> [apiv2][query] POST https://cloudresourcemanager.googleapis.com/v1/projects [none]
[debug] [2025-03-09T20:45:45.835Z] >>> [apiv2][body] POST https://cloudresourcemanager.googleapis.com/v1/projects {"projectId":"exit","name":"exit"}
[debug] [2025-03-09T20:45:46.108Z] <<< [apiv2][status] POST https://cloudresourcemanager.googleapis.com/v1/projects 400
[debug] [2025-03-09T20:45:46.108Z] <<< [apiv2][body] POST https://cloudresourcemanager.googleapis.com/v1/projects {"error":{"code":400,"message":"field [project_id] has issue [project_id must be at least 6 characters long]","status":"INVALID_ARGUMENT","details":[{"@type":"type.googleapis.com/google.rpc.BadRequest","fieldViolations":[{"field":"project_id","description":"project_id must be at least 6 characters long"}]},{"@type":"type.googleapis.com/google.rpc.Help","links":[{"url":"https://cloud.google.com/resource-manager/reference/rest/v1/projects"}]}]}}
[debug] [2025-03-09T20:45:46.182Z] FirebaseError: Request to https://cloudresourcemanager.googleapis.com/v1/projects had HTTP Error: 400, field [project_id] has issue [project_id must be at least 6 characters long]
    at responseToError (/Users/kim/.nvm/versions/node/v22.14.0/lib/node_modules/firebase-tools/lib/responseToError.js:52:12)
    at RetryOperation._fn (/Users/kim/.nvm/versions/node/v22.14.0/lib/node_modules/firebase-tools/lib/apiv2.js:312:77)
    at process.processTicksAndRejections (node:internal/process/task_queues:105:5)
[error] 
[error] Error: Failed to create project. See firebase-debug.log for more info.
